Arguments: 
  C:\Program Files\nodejs\node.exe C:\Users\abhaysh\AppData\Roaming\npm\node_modules\yarn\bin\yarn.js add whatwg-fetch

PATH: 
  C:\Users\abhaysh\bin;C:\Program Files\Git\mingw64\bin;C:\Program Files\Git\usr\local\bin;C:\Program Files\Git\usr\bin;C:\Program Files\Git\usr\bin;C:\Program Files\Git\mingw64\bin;C:\Program Files\Git\usr\bin;C:\Users\abhaysh\bin;C:\ProgramData\Oracle\Java\javapath;C:\Windows\system32;C:\Windows;C:\Windows\System32\Wbem;C:\Windows\System32\WindowsPowerShell\v1.0;C:\Program Files\nodejs;C:\Program Files\Microsoft\Web Platform Installer;C:\Program Files (x86)\Microsoft ASP.NET\ASP.NET Web Pages\v1.0;C:\Program Files (x86)\Windows Kits\8.0\Windows Performance Toolkit;C:\Program Files\Microsoft SQL Server\110\Tools\Binn;C:\Users\abhaysh\AppData\Roaming\npm;C:\adb;C:\Program Files (x86)\Skype\Phone;C:\Users\abhaysh\AppData\Roaming\npm;C:\Users\abhaysh\AppData\Local\atom\bin;C:\Users\abhaysh\AppData\Local\Google\Cloud SDK\google-cloud-sdk\bin;C:\Users\abhaysh\AppData\Local\Android\android-sdk\tools;C:\Users\abhaysh\AppData\Local\Android\android-sdk\tools\bin;C:\Users\abhaysh\AppData\Local\Android\android-sdk\platform-tools;C:\Program Files\Git\usr\bin\vendor_perl;C:\Program Files\Git\usr\bin\core_perl

Yarn version: 
  1.7.0

Node version: 
  9.5.0

Platform: 
  win32 x64

Trace: 
  Error: EPERM: operation not permitted, unlink 'C:\users\abhaysh\github\jobs\node_modules\@babel\plugin-transform-classes\node_modules\globals'

npm manifest: 
  {
    "name": "empty-project-template",
    "main": "node_modules/expo/AppEntry.js",
    "private": true,
    "scripts": {
      "start": "expo start",
      "android": "expo start --android",
      "ios": "expo start --ios",
      "eject": "expo eject"
    },
    "dependencies": {
      "eslint-config-rallycoding": "^3.2.0",
      "expo": "^30.0.1",
      "react": "^16.3.1",
      "react-native": "https://github.com/expo/react-native/archive/sdk-30.0.0.tar.gz",
      "react-native-elements": "^0.19.1",
      "react-navigation": "^2.14.2",
      "react-redux": "^5.0.7",
      "redux": "^4.0.0",
      "redux-thunk": "^2.3.0"
    }
  }

yarn manifest: 
  No manifest

Lockfile: 
  No lockfile
